<?xml version="1.0" encoding="UTF-8"?>
<!-- Generated by org.testng.reporters.JUnitReportReporter -->
<testsuite hostname="LAPTOP-T3P0ELTT" failures="0" tests="1" name="com.sample.Test1" time="34.230" errors="0" timestamp="2021-05-21T15:22:15 IST" skipped="0">
  <testcase classname="com.sample.Test1" name="test" time="34.230"/>
  <system-out/>
</testsuite> <!-- com.sample.Test1 -->
