<?xml version="1.0" encoding="UTF-8"?>
<!-- Generated by org.testng.reporters.JUnitReportReporter -->
<testsuite hostname="LAPTOP-T3P0ELTT" failures="0" tests="1" name="functionality.Login" time="38.040" errors="0" timestamp="2021-07-21T11:40:33 IST" skipped="0">
  <testcase classname="functionality.Login" name="f1" time="38.040"/>
  <system-out/>
</testsuite> <!-- functionality.Login -->
