<?xml version="1.0" encoding="UTF-8"?>
<!-- Generated by org.testng.reporters.JUnitReportReporter -->
<testsuite hostname="LAPTOP-T3P0ELTT" failures="0" tests="1" name="com.webdivers.Test1" time="54.776" errors="0" timestamp="2021-07-21T12:30:27 IST" skipped="0">
  <testcase classname="com.webdivers.Test1" name="script1" time="54.776"/>
  <system-out/>
</testsuite> <!-- com.webdivers.Test1 -->
